{"C:\\Users\\RC_Student_lab\\Downloads\\project (5)\\web_project\\booking.js": {"path":"C:\\Users\\RC_Student_lab\\Downloads\\project (5)\\web_project\\booking.js","statementMap":{"0":{"start":{"line":1,"column":34},"end":{"line":14,"column":1}},"1":{"start":{"line":2,"column":25},"end":{"line":2,"column":52}},"2":{"start":{"line":4,"column":4},"end":{"line":13,"column":5}},"3":{"start":{"line":10,"column":12},"end":{"line":10,"column":73}},"4":{"start":{"line":12,"column":12},"end":{"line":12,"column":25}},"5":{"start":{"line":16,"column":32},"end":{"line":22,"column":1}},"6":{"start":{"line":17,"column":25},"end":{"line":17,"column":57}},"7":{"start":{"line":18,"column":18},"end":{"line":18,"column":28}},"8":{"start":{"line":19,"column":4},"end":{"line":19,"column":27}},"9":{"start":{"line":20,"column":4},"end":{"line":20,"column":42}},"10":{"start":{"line":21,"column":4},"end":{"line":21,"column":109}}},"fnMap":{"0":{"name":"(anonymous_0)","decl":{"start":{"line":1,"column":34},"end":{"line":1,"column":35}},"loc":{"start":{"line":1,"column":49},"end":{"line":14,"column":1}},"line":1},"1":{"name":"(anonymous_1)","decl":{"start":{"line":16,"column":32},"end":{"line":16,"column":33}},"loc":{"start":{"line":16,"column":57},"end":{"line":22,"column":1}},"line":16}},"branchMap":{"0":{"loc":{"start":{"line":4,"column":4},"end":{"line":13,"column":5}},"type":"switch","locations":[{"start":{"line":5,"column":8},"end":{"line":5,"column":15}},{"start":{"line":6,"column":8},"end":{"line":6,"column":15}},{"start":{"line":7,"column":8},"end":{"line":7,"column":15}},{"start":{"line":8,"column":8},"end":{"line":8,"column":15}},{"start":{"line":9,"column":8},"end":{"line":10,"column":73}},{"start":{"line":11,"column":8},"end":{"line":12,"column":25}}],"line":4},"1":{"loc":{"start":{"line":10,"column":19},"end":{"line":10,"column":72}},"type":"binary-expr","locations":[{"start":{"line":10,"column":20},"end":{"line":10,"column":29}},{"start":{"line":10,"column":33},"end":{"line":10,"column":42}},{"start":{"line":10,"column":48},"end":{"line":10,"column":58}},{"start":{"line":10,"column":62},"end":{"line":10,"column":71}}],"line":10}},"s":{"0":1,"1":5,"2":5,"3":3,"4":2,"5":1,"6":3,"7":3,"8":3,"9":3,"10":3},"f":{"0":5,"1":3},"b":{"0":[3,3,3,3,3,2],"1":[3,3,2,2]},"_coverageSchema":"1a1c01bbd47fc00a2c39e90264f33305004495a9","hash":"e9cce73523e3b63e8db5d10054488fa15ccc976b"}
}
